<?xml version="1.0" encoding="UTF-8"?>
<!-- Generated by org.testng.reporters.JUnitXMLReporter -->
<testsuite hostname="egain1215" ignored="0" name="Default test" tests="10" failures="0" timestamp="01 Dec 2018 14:58:50 GMT" time="64.032" errors="0">
  <testcase name="verfiyRamSizeOfFirstItem" time="3.063" classname="com.flipcart.testcases.MobilePageTest"/>
  <testcase name="verfiyRamSizeOfSecondItem" time="3.093" classname="com.flipcart.testcases.MobilePageTest"/>
  <testcase name="verfiyBrandCheckbox" time="3.437" classname="com.flipcart.testcases.MobilePageTest"/>
  <testcase name="selecBrandTest" time="4.216" classname="com.flipcart.testcases.MobilePageTest"/>
  <testcase name="verfiyBrandNameofFirstItem" time="4.099" classname="com.flipcart.testcases.MobilePageTest"/>
  <testcase name="verfiyBrandNameOfSecondItem" time="0.114" classname="com.flipcart.testcases.MobilePageTest"/>
  <testcase name="verifyClearBrandFilter" time="3.247" classname="com.flipcart.testcases.MobilePageTest"/>
  <testcase name="checkNewBrandName" time="2.053" classname="com.flipcart.testcases.MobilePageTest"/>
  <testcase name="verfiyMobileDescription" time="9.551" classname="com.flipcart.testcases.MobilePageTest"/>
  <testcase name="addMoibletoTheCart" time="6.41" classname="com.flipcart.testcases.MobilePageTest"/>
</testsuite> <!-- Default test -->
